<?xml version="1.0" encoding="UTF-8"?>
<!-- Generated by org.testng.reporters.JUnitReportReporter -->
<testsuite hostname="LAPTOP-9JQB0HRC" failures="0" tests="1" name="demo.Testclass.TC_LoginTest" time="12.343" errors="0" timestamp="2023-01-19T01:15:07 IST" skipped="0">
  <testcase classname="demo.Testclass.TC_LoginTest" name="login" time="12.343"/>
  <system-out/>
</testsuite> <!-- demo.Testclass.TC_LoginTest -->
